<?xml version="1.0" encoding="UTF-8"?>
<!-- Generated by org.testng.reporters.JUnitXMLReporter -->
<testsuite hostname="LAPTOP-GGNV4G3P" ignored="0" name="Default test" tests="4" failures="0" timestamp="27 Jun 2018 18:05:22 GMT" time="31.461" errors="0">
  <testcase name="blankEmail" time="2.619" classname="com.prestashop.tests.Negative"/>
  <testcase name="blankPassword" time="2.529" classname="com.prestashop.tests.Negative"/>
  <testcase name="invalidEmail" time="2.452" classname="com.prestashop.tests.Negative"/>
  <testcase name="wrongCredentials" time="2.212" classname="com.prestashop.tests.Negative"/>
</testsuite> <!-- Default test -->
