<?xml version="1.0" encoding="UTF-8"?>
<testng-results skipped="0" failed="0" ignored="0" total="4" passed="4">
  <reporter-output>
  </reporter-output>
  <suite name="Default suite" duration-ms="31461" started-at="2018-06-27T18:04:50Z" finished-at="2018-06-27T18:05:21Z">
    <groups>
    </groups>
    <test name="Default test" duration-ms="31461" started-at="2018-06-27T18:04:50Z" finished-at="2018-06-27T18:05:21Z">
      <class name="com.prestashop.tests.Negative">
        <test-method status="PASS" signature="setUp()[pri:0, instance:com.prestashop.tests.Negative@6a4f787b]" name="setUp" is-config="true" duration-ms="6737" started-at="2018-06-27T18:04:50Z" finished-at="2018-06-27T18:04:57Z">
          <reporter-output>
          </reporter-output>
        </test-method> <!-- setUp -->
        <test-method status="PASS" signature="blankEmail()[pri:0, instance:com.prestashop.tests.Negative@6a4f787b]" name="blankEmail" duration-ms="2619" started-at="2018-06-27T18:04:57Z" finished-at="2018-06-27T18:04:59Z">
          <reporter-output>
          </reporter-output>
        </test-method> <!-- blankEmail -->
        <test-method status="PASS" signature="tearDown()[pri:0, instance:com.prestashop.tests.Negative@6a4f787b]" name="tearDown" is-config="true" duration-ms="231" started-at="2018-06-27T18:04:59Z" finished-at="2018-06-27T18:05:00Z">
          <reporter-output>
          </reporter-output>
        </test-method> <!-- tearDown -->
        <test-method status="PASS" signature="setUp()[pri:0, instance:com.prestashop.tests.Negative@6a4f787b]" name="setUp" is-config="true" duration-ms="4680" started-at="2018-06-27T18:05:00Z" finished-at="2018-06-27T18:05:04Z">
          <reporter-output>
          </reporter-output>
        </test-method> <!-- setUp -->
        <test-method status="PASS" signature="blankPassword()[pri:0, instance:com.prestashop.tests.Negative@6a4f787b]" name="blankPassword" duration-ms="2529" started-at="2018-06-27T18:05:04Z" finished-at="2018-06-27T18:05:07Z">
          <reporter-output>
          </reporter-output>
        </test-method> <!-- blankPassword -->
        <test-method status="PASS" signature="tearDown()[pri:0, instance:com.prestashop.tests.Negative@6a4f787b]" name="tearDown" is-config="true" duration-ms="216" started-at="2018-06-27T18:05:07Z" finished-at="2018-06-27T18:05:07Z">
          <reporter-output>
          </reporter-output>
        </test-method> <!-- tearDown -->
        <test-method status="PASS" signature="setUp()[pri:0, instance:com.prestashop.tests.Negative@6a4f787b]" name="setUp" is-config="true" duration-ms="4768" started-at="2018-06-27T18:05:07Z" finished-at="2018-06-27T18:05:12Z">
          <reporter-output>
          </reporter-output>
        </test-method> <!-- setUp -->
        <test-method status="PASS" signature="invalidEmail()[pri:0, instance:com.prestashop.tests.Negative@6a4f787b]" name="invalidEmail" duration-ms="2452" started-at="2018-06-27T18:05:12Z" finished-at="2018-06-27T18:05:14Z">
          <reporter-output>
          </reporter-output>
        </test-method> <!-- invalidEmail -->
        <test-method status="PASS" signature="tearDown()[pri:0, instance:com.prestashop.tests.Negative@6a4f787b]" name="tearDown" is-config="true" duration-ms="266" started-at="2018-06-27T18:05:14Z" finished-at="2018-06-27T18:05:15Z">
          <reporter-output>
          </reporter-output>
        </test-method> <!-- tearDown -->
        <test-method status="PASS" signature="setUp()[pri:0, instance:com.prestashop.tests.Negative@6a4f787b]" name="setUp" is-config="true" duration-ms="4475" started-at="2018-06-27T18:05:15Z" finished-at="2018-06-27T18:05:19Z">
          <reporter-output>
          </reporter-output>
        </test-method> <!-- setUp -->
        <test-method status="PASS" signature="wrongCredentials()[pri:0, instance:com.prestashop.tests.Negative@6a4f787b]" name="wrongCredentials" duration-ms="2212" started-at="2018-06-27T18:05:19Z" finished-at="2018-06-27T18:05:21Z">
          <reporter-output>
          </reporter-output>
        </test-method> <!-- wrongCredentials -->
        <test-method status="PASS" signature="tearDown()[pri:0, instance:com.prestashop.tests.Negative@6a4f787b]" name="tearDown" is-config="true" duration-ms="234" started-at="2018-06-27T18:05:21Z" finished-at="2018-06-27T18:05:21Z">
          <reporter-output>
          </reporter-output>
        </test-method> <!-- tearDown -->
      </class> <!-- com.prestashop.tests.Negative -->
    </test> <!-- Default test -->
  </suite> <!-- Default suite -->
</testng-results>
